<?xml version="1.0" encoding="UTF-8"?>
<!-- Generated by org.testng.reporters.JUnitReportReporter -->
<testsuite skipped="0" hostname="GAGAN" name="tests.utest" tests="1" failures="0" timestamp="14 Aug 2017 19:30:57 GMT" time="69.890" errors="0">
  <testcase name="home" time="69.890" classname="tests.utest"/>
</testsuite> <!-- tests.utest -->
