<?xml version="1.0" encoding="UTF-8"?>
<!-- Generated by org.testng.reporters.JUnitReportReporter -->
<testsuite skipped="0" hostname="GAGAN" name="tests.utest" tests="1" failures="0" timestamp="12 Aug 2017 20:46:12 GMT" time="66.054" errors="0">
  <testcase name="home" time="66.054" classname="tests.utest"/>
</testsuite> <!-- tests.utest -->
