<?xml version="1.0" encoding="UTF-8"?>
<!-- Generated by org.testng.reporters.JUnitReportReporter -->
<testsuite skipped="0" hostname="GAGAN" name="testz.fbtest" tests="1" failures="0" timestamp="14 Aug 2017 16:00:20 GMT" time="37.447" errors="0">
  <testcase name="loginp" time="37.447" classname="testz.fbtest"/>
</testsuite> <!-- testz.fbtest -->
